<?xml version="1.0" encoding="UTF-8"?>
<!-- Generated by org.testng.reporters.JUnitXMLReporter -->
<testsuite ignored="0" hostname="DESKTOP-5PD8IEG" failures="0" tests="2" name="Test2" time="41.918" errors="0" timestamp="24 Feb 2024 13:54:10 GMT">
  <testcase classname="com.TimesheetManagementToolProject.TestScript.CreateUserTest" name="createUser" time="9.828"/>
  <testcase classname="com.TimesheetManagementToolProject.TestScript.CreateCustomerAndProjectTest" name="createCustomerAndProject" time="14.372"/>
</testsuite> <!-- Test2 -->
