<?xml version="1.0" encoding="UTF-8"?>
<!-- Generated by org.testng.reporters.JUnitXMLReporter -->
<testsuite ignored="2" hostname="DESKTOP-5PD8IEG" failures="0" tests="3" name="Test" time="30.042" errors="0" timestamp="24 Feb 2024 14:41:01 GMT">
  <testcase classname="com.TimesheetManagementToolProject.TestScript.ValidLoginTest" name="login" time="1.635"/>
  <testcase classname="com.TimesheetManagementToolProject.TestScript.InvalidLoginTest" name="invalidLogin" time="3.646"/>
  <testcase classname="com.TimesheetManagementToolProject.TestScript.CreateUserTest" name="createUser" time="5.199"/>
  <testcase classname="com.TimesheetManagementToolProject.TestScript.CreateCustomerAndProjectTest" name="createCustomerAndProject" time="0.0">
    <ignored/>
  </testcase> <!-- createCustomerAndProject -->
  <testcase classname="com.TimesheetManagementToolProject.TestScript.DeleteAllCustomerAndProjectTest" name="deleteAllCustomerAndProject" time="0.0">
    <ignored/>
  </testcase> <!-- deleteAllCustomerAndProject -->
</testsuite> <!-- Test -->
