<?xml version="1.0" encoding="UTF-8"?>
<!-- Generated by org.testng.reporters.JUnitXMLReporter -->
<testsuite ignored="0" hostname="DESKTOP-5PD8IEG" failures="0" tests="2" name="Test1" time="42.372" errors="0" timestamp="24 Feb 2024 13:54:10 GMT">
  <testcase classname="com.TimesheetManagementToolProject.TestScript.CreateUserTest" name="createUser" time="12.358"/>
  <testcase classname="com.TimesheetManagementToolProject.TestScript.CreateCustomerAndProjectTest" name="createCustomerAndProject" time="12.342"/>
</testsuite> <!-- Test1 -->
