<?xml version="1.0" encoding="UTF-8"?>
<!-- Generated by org.testng.reporters.JUnitXMLReporter -->
<testsuite ignored="0" hostname="DESKTOP-5PD8IEG" failures="0" tests="4" name="Default test" time="39.225" errors="0" timestamp="12 Feb 2024 15:52:48 GMT">
  <testcase classname="TestNG.HomeworkActitimeCreateUser10_2" name="OpenApplication" time="10.943"/>
  <testcase classname="TestNG.HomeworkActitimeCreateUser10_2" name="loginOperation" time="0.41"/>
  <testcase classname="TestNG.HomeworkActitimeCreateUser10_2" name="CreateUser" time="27.594"/>
  <testcase classname="TestNG.HomeworkActitimeCreateUser10_2" name="logoutOperation" time="0.216"/>
</testsuite> <!-- Default test -->
